<?xml version="1.0" encoding="UTF-8"?>
<testsuite name="El usuario compra un producto" tests="1" skipped="0" failures="0" errors="0" timestamp="2023-05-18T18:49:35" hostname="PSOFKA0873" time="61.856">
  <properties/>
  <testcase name="comprar producto por la app swag lab" classname="El usuario compra un producto" time="61.856"/>
  <system-out><![CDATA[]]></system-out>
  <system-err><![CDATA[[Test worker] INFO io.cucumber.core.plugin.SerenityReporter - Running feature from file:///C:/Users/camilo.betancurt/Documents/Sofka/Sura/Automatizacion/Reto_Accenture_Android/src/test/resources/feature/compra_producto.feature
[Test worker] WARN io.cucumber.core.plugin.SerenityReporter - Feature from file:///C:/Users/camilo.betancurt/Documents/Sofka/Sura/Automatizacion/Reto_Accenture_Android/src/test/resources/feature/compra_producto.feature is not under the 'features' directory. Requirements report will not be correctly generated!
[Test worker] INFO  - 
  _____   ___   ___   _____     ___   _____     _     ___   _____   ___   ___  
 |_   _| | __| / __| |_   _|   / __| |_   _|   /_\   | _ \ |_   _| | __| |   \ 
   | |   | _|  \__ \   | |     \__ \   | |    / _ \  |   /   | |   | _|  | |) |
   |_|   |___| |___/   |_|     |___/   |_|   /_/ \_\ |_|_\   |_|   |___| |___/ 

comprar producto por la app swag lab(el-usuario-compra-un-producto;comprar-producto-por-la-app-swag-lab)
--------------------------------------------------------------------------------
[Test worker] INFO  - 
  _____   ___   ___   _____     ___     _     ___   ___   ___   ___  
 |_   _| | __| / __| |_   _|   | _ \   /_\   / __| / __| | __| |   \ 
   | |   | _|  \__ \   | |     |  _/  / _ \  \__ \ \__ \ | _|  | |) |
   |_|   |___| |___/   |_|     |_|   /_/ \_\ |___/ |___/ |___| |___/ 

comprar producto por la app swag lab
----------------------------------------------------------------------
]]></system-err>
</testsuite>
